  main_file.cpp
C:\Users\Janek\Documents\Projekty\Grafika\gkiw_st_10_win\main_file.cpp(254,25): warning C4244: "+=": konwersja z "double" do "float", możliwa utrata danych
C:\Users\Janek\Documents\Projekty\Grafika\gkiw_st_10_win\main_file.cpp(255,25): warning C4244: "+=": konwersja z "double" do "float", możliwa utrata danych
C:\Users\Janek\Documents\Projekty\Grafika\gkiw_st_10_win\main_file.cpp(256,32): warning C4244: "-=": konwersja z "double" do "float", możliwa utrata danych
  terrain.cpp
C:\Users\Janek\Documents\Projekty\Grafika\gkiw_st_10_win\terrain.cpp(24,26): warning C4244: "=": konwersja z "double" do "float", możliwa utrata danych
C:\Users\Janek\Documents\Projekty\Grafika\gkiw_st_10_win\terrain.cpp(34,25): warning C4244: "=": konwersja z "int" do "float", możliwa utrata danych
C:\Users\Janek\Documents\Projekty\Grafika\gkiw_st_10_win\terrain.cpp(35,29): warning C4244: "=": konwersja z "int" do "float", możliwa utrata danych
C:\Users\Janek\Documents\Projekty\Grafika\gkiw_st_10_win\terrain.cpp(40,25): warning C4244: "=": konwersja z "int" do "float", możliwa utrata danych
C:\Users\Janek\Documents\Projekty\Grafika\gkiw_st_10_win\terrain.cpp(41,29): warning C4244: "=": konwersja z "int" do "float", możliwa utrata danych
C:\Users\Janek\Documents\Projekty\Grafika\gkiw_st_10_win\terrain.cpp(45,25): warning C4244: "=": konwersja z "int" do "float", możliwa utrata danych
C:\Users\Janek\Documents\Projekty\Grafika\gkiw_st_10_win\terrain.cpp(46,29): warning C4244: "=": konwersja z "int" do "float", możliwa utrata danych
C:\Users\Janek\Documents\Projekty\Grafika\gkiw_st_10_win\terrain.cpp(62,25): warning C4244: "=": konwersja z "int" do "float", możliwa utrata danych
C:\Users\Janek\Documents\Projekty\Grafika\gkiw_st_10_win\terrain.cpp(63,29): warning C4244: "=": konwersja z "int" do "float", możliwa utrata danych
C:\Users\Janek\Documents\Projekty\Grafika\gkiw_st_10_win\terrain.cpp(79,24): warning C4244: "=": konwersja z "int" do "float", możliwa utrata danych
C:\Users\Janek\Documents\Projekty\Grafika\gkiw_st_10_win\terrain.cpp(80,28): warning C4244: "=": konwersja z "int" do "float", możliwa utrata danych
C:\Users\Janek\Documents\Projekty\Grafika\gkiw_st_10_win\terrain.cpp(84,24): warning C4244: "=": konwersja z "int" do "float", możliwa utrata danych
C:\Users\Janek\Documents\Projekty\Grafika\gkiw_st_10_win\terrain.cpp(85,28): warning C4244: "=": konwersja z "int" do "float", możliwa utrata danych
C:\Users\Janek\Documents\Projekty\Grafika\gkiw_st_10_win\terrain.cpp(89,24): warning C4244: "=": konwersja z "int" do "float", możliwa utrata danych
C:\Users\Janek\Documents\Projekty\Grafika\gkiw_st_10_win\terrain.cpp(90,28): warning C4244: "=": konwersja z "int" do "float", możliwa utrata danych
C:\Users\Janek\Documents\Projekty\Grafika\gkiw_st_10_win\terrain.cpp(105,24): warning C4244: "=": konwersja z "int" do "float", możliwa utrata danych
C:\Users\Janek\Documents\Projekty\Grafika\gkiw_st_10_win\terrain.cpp(106,29): warning C4244: "=": konwersja z "int" do "float", możliwa utrata danych
  Generowanie kodu...
glew32s.lib(glew.obj) : warning LNK4099: nie znaleziono pliku PDB "" z elementem "glew32s.lib(glew.obj)" lub w pozycji ""; obiekt zostanie skonsolidowany bez informacji debugowania
  gkiw_st_10_win.vcxproj -> C:\Users\Janek\Documents\Projekty\Grafika\gkiw_st_10_win\x64\Debug\gkiw_st_10_win.exe
